Using pre-set license
Built from '2021.3/staging' branch; Version is '2021.3.11f1 (0a5ca18544bf) revision 679073'; Using compiler version '192829333'; Build Type 'Release'
OS: 'Windows 11  (10.0.22621) 64bit Core' Language: 'en' Physical Memory: 7519 MB
BatchMode: 1, IsHumanControllingUs: 0, StartBugReporterOnCrash: 0, Is64bit: 1, IsPro: 1

COMMAND LINE ARGUMENTS:
C:\Program Files\Unity\Hub\Editor\2021.3.11f1\Editor\Unity.exe
-adb2
-batchMode
-noUpm
-name
AssetImportWorker1
-projectPath
C:/Users/tyler/RCgame/RCgame
-logFile
Logs/AssetImportWorker1.log
-srvPort
57149
Successfully changed project path to: C:/Users/tyler/RCgame/RCgame
C:/Users/tyler/RCgame/RCgame
[UnityMemory] Configuration Parameters - Can be set up in boot.config
    "memorysetup-bucket-allocator-granularity=16"
    "memorysetup-bucket-allocator-bucket-count=8"
    "memorysetup-bucket-allocator-block-size=33554432"
    "memorysetup-bucket-allocator-block-count=8"
    "memorysetup-main-allocator-block-size=16777216"
    "memorysetup-thread-allocator-block-size=16777216"
    "memorysetup-gfx-main-allocator-block-size=16777216"
    "memorysetup-gfx-thread-allocator-block-size=16777216"
    "memorysetup-cache-allocator-block-size=4194304"
    "memorysetup-typetree-allocator-block-size=2097152"
    "memorysetup-profiler-bucket-allocator-granularity=16"
    "memorysetup-profiler-bucket-allocator-bucket-count=8"
    "memorysetup-profiler-bucket-allocator-block-size=33554432"
    "memorysetup-profiler-bucket-allocator-block-count=8"
    "memorysetup-profiler-allocator-block-size=16777216"
    "memorysetup-profiler-editor-allocator-block-size=1048576"
    "memorysetup-temp-allocator-size-main=16777216"
    "memorysetup-job-temp-allocator-block-size=2097152"
    "memorysetup-job-temp-allocator-block-size-background=1048576"
    "memorysetup-job-temp-allocator-reduction-small-platforms=262144"
    "memorysetup-temp-allocator-size-background-worker=32768"
    "memorysetup-temp-allocator-size-job-worker=262144"
    "memorysetup-temp-allocator-size-preload-manager=33554432"
    "memorysetup-temp-allocator-size-nav-mesh-worker=65536"
    "memorysetup-temp-allocator-size-audio-worker=65536"
    "memorysetup-temp-allocator-size-cloud-worker=32768"
    "memorysetup-temp-allocator-size-gi-baking-worker=262144"
    "memorysetup-temp-allocator-size-gfx=262144"
Refreshing native plugins compatible for Editor in 103.30 ms, found 4 plugins.
Preloading 0 native plugins for Editor in 0.00 ms.
Initialize engine version: 2021.3.11f1 (0a5ca18544bf)
[Subsystems] Discovering subsystems at path C:/Program Files/Unity/Hub/Editor/2021.3.11f1/Editor/Data/Resources/UnitySubsystems
[Subsystems] Discovering subsystems at path C:/Users/tyler/RCgame/RCgame/Assets
GfxDevice: creating device client; threaded=0; jobified=0
Direct3D:
    Version:  Direct3D 11.0 [level 11.1]
    Renderer: NVIDIA GeForce GTX 1650 (ID=0x1f9d)
    Vendor:   NVIDIA
    VRAM:     3950 MB
    Driver:   31.0.15.2656
Initialize mono
Mono path[0] = 'C:/Program Files/Unity/Hub/Editor/2021.3.11f1/Editor/Data/Managed'
Mono path[1] = 'C:/Program Files/Unity/Hub/Editor/2021.3.11f1/Editor/Data/MonoBleedingEdge/lib/mono/unityjit-win32'
Mono config path = 'C:/Program Files/Unity/Hub/Editor/2021.3.11f1/Editor/Data/MonoBleedingEdge/etc'
Using monoOptions --debugger-agent=transport=dt_socket,embedding=1,server=y,suspend=n,address=127.0.0.1:56972
Begin MonoManager ReloadAssembly
Registering precompiled unity dll's ...
Register platform support module: C:/Program Files/Unity/Hub/Editor/2021.3.11f1/Editor/Data/PlaybackEngines/WindowsStandaloneSupport/UnityEditor.WindowsStandalone.Extensions.dll
Registered in 0.005188 seconds.
Native extension for WindowsStandalone target not found
Refreshing native plugins compatible for Editor in 75.03 ms, found 4 plugins.
Preloading 0 native plugins for Editor in 0.00 ms.
Mono: successfully reloaded assembly
- Completed reload, in  0.572 seconds
Domain Reload Profiling:
	ReloadAssembly (572ms)
		BeginReloadAssembly (94ms)
			ExecutionOrderSort (0ms)
			DisableScriptedObjects (0ms)
			BackupInstance (0ms)
			ReleaseScriptingObjects (0ms)
			CreateAndSetChildDomain (1ms)
		EndReloadAssembly (390ms)
			LoadAssemblies (93ms)
			RebuildTransferFunctionScriptingTraits (0ms)
			SetupTypeCache (83ms)
			ReleaseScriptCaches (0ms)
			RebuildScriptCaches (23ms)
			SetupLoadedEditorAssemblies (242ms)
				LogAssemblyErrors (0ms)
				InitializePlatformSupportModulesInManaged (6ms)
				SetLoadedEditorAssemblies (0ms)
				RefreshPlugins (75ms)
				BeforeProcessingInitializeOnLoad (1ms)
				ProcessInitializeOnLoadAttributes (118ms)
				ProcessInitializeOnLoadMethodAttributes (42ms)
				AfterProcessingInitializeOnLoad (0ms)
				EditorAssembliesLoaded (0ms)
			ExecutionOrderSort2 (0ms)
			AwakeInstancesAfterBackupRestoration (0ms)
Platform modules already initialized, skipping
Registering precompiled user dll's ...
Registered in 0.007273 seconds.
Begin MonoManager ReloadAssembly
Symbol file LoadedFromMemory doesn't match image C:\Users\tyler\RCgame\RCgame\Library\PackageCache\com.unity.visualscripting@1.7.8\Editor\VisualScripting.Core\Dependencies\YamlDotNet\Unity.VisualScripting.YamlDotNet.dll
Symbol file LoadedFromMemory doesn't match image C:\Users\tyler\RCgame\RCgame\Library\PackageCache\com.unity.visualscripting@1.7.8\Editor\VisualScripting.Core\Dependencies\DotNetZip\Unity.VisualScripting.IonicZip.dll
Native extension for WindowsStandalone target not found
Refreshing native plugins compatible for Editor in 78.61 ms, found 4 plugins.
Preloading 0 native plugins for Editor in 0.00 ms.
Mono: successfully reloaded assembly
- Completed reload, in  1.223 seconds
Domain Reload Profiling:
	ReloadAssembly (1224ms)
		BeginReloadAssembly (150ms)
			ExecutionOrderSort (0ms)
			DisableScriptedObjects (7ms)
			BackupInstance (0ms)
			ReleaseScriptingObjects (0ms)
			CreateAndSetChildDomain (29ms)
		EndReloadAssembly (969ms)
			LoadAssemblies (164ms)
			RebuildTransferFunctionScriptingTraits (0ms)
			SetupTypeCache (243ms)
			ReleaseScriptCaches (1ms)
			RebuildScriptCaches (53ms)
			SetupLoadedEditorAssemblies (488ms)
				LogAssemblyErrors (0ms)
				InitializePlatformSupportModulesInManaged (3ms)
				SetLoadedEditorAssemblies (0ms)
				RefreshPlugins (79ms)
				BeforeProcessingInitializeOnLoad (121ms)
				ProcessInitializeOnLoadAttributes (234ms)
				ProcessInitializeOnLoadMethodAttributes (43ms)
				AfterProcessingInitializeOnLoad (6ms)
				EditorAssembliesLoaded (0ms)
			ExecutionOrderSort2 (0ms)
			AwakeInstancesAfterBackupRestoration (6ms)
Platform modules already initialized, skipping
========================================================================
Worker process is ready to serve import requests
Launched and connected shader compiler UnityShaderCompiler.exe after 0.07 seconds
Refreshing native plugins compatible for Editor in 1.10 ms, found 4 plugins.
Preloading 0 native plugins for Editor in 0.00 ms.
Unloading 4071 Unused Serialized files (Serialized files now loaded: 0)
Unloading 44 unused Assets / (229.4 KB). Loaded Objects now: 4521.
Memory consumption went from 151.4 MB to 151.2 MB.
Total: 5.471500 ms (FindLiveObjects: 0.476700 ms CreateObjectMapping: 0.386200 ms MarkObjects: 4.403100 ms  DeleteObjects: 0.204300 ms)

AssetImportParameters requested are different than current active one (requested -> active):
  custom:video-decoder-ogg-theora: a1e56fd34408186e4bbccfd4996cb3dc -> 
  custom:container-muxer-webm: aa71ff27fc2769a1b78a27578f13a17b -> 
  custom:container-demuxer-webm: 4f35f7cbe854078d1ac9338744f61a02 -> 
  custom:video-encoder-webm-vp8: eb34c28f22e8b96e1ab97ce403110664 -> 
  custom:audio-encoder-webm-vorbis: bf7c407c2cedff20999df2af8eb42d56 -> 
  custom:framework-win-MediaFoundation: 216162199b28c13a410421893ffa2e32 -> 
  custom:container-demuxer-ogg: 62fdf1f143b41e24485cea50d1cbac27 -> 
  custom:video-decoder-webm-vp8: 9c59270c3fd7afecdb556c50c9e8de78 -> 
  custom:audio-decoder-ogg-vorbis: bf7c407c2cedff20999df2af8eb42d56 -> 
========================================================================
Received Prepare
Registering precompiled user dll's ...
Registered in 0.005149 seconds.
Begin MonoManager ReloadAssembly
Symbol file LoadedFromMemory doesn't match image C:\Users\tyler\RCgame\RCgame\Library\PackageCache\com.unity.visualscripting@1.7.8\Editor\VisualScripting.Core\Dependencies\YamlDotNet\Unity.VisualScripting.YamlDotNet.dll
Symbol file LoadedFromMemory doesn't match image C:\Users\tyler\RCgame\RCgame\Library\PackageCache\com.unity.visualscripting@1.7.8\Editor\VisualScripting.Core\Dependencies\DotNetZip\Unity.VisualScripting.IonicZip.dll
Native extension for WindowsStandalone target not found
Refreshing native plugins compatible for Editor in 0.81 ms, found 4 plugins.
Preloading 0 native plugins for Editor in 0.00 ms.
Mono: successfully reloaded assembly
- Completed reload, in  0.851 seconds
Domain Reload Profiling:
	ReloadAssembly (852ms)
		BeginReloadAssembly (122ms)
			ExecutionOrderSort (0ms)
			DisableScriptedObjects (6ms)
			BackupInstance (0ms)
			ReleaseScriptingObjects (0ms)
			CreateAndSetChildDomain (37ms)
		EndReloadAssembly (637ms)
			LoadAssemblies (88ms)
			RebuildTransferFunctionScriptingTraits (0ms)
			SetupTypeCache (194ms)
			ReleaseScriptCaches (1ms)
			RebuildScriptCaches (36ms)
			SetupLoadedEditorAssemblies (283ms)
				LogAssemblyErrors (0ms)
				InitializePlatformSupportModulesInManaged (10ms)
				SetLoadedEditorAssemblies (0ms)
				RefreshPlugins (1ms)
				BeforeProcessingInitializeOnLoad (58ms)
				ProcessInitializeOnLoadAttributes (176ms)
				ProcessInitializeOnLoadMethodAttributes (32ms)
				AfterProcessingInitializeOnLoad (5ms)
				EditorAssembliesLoaded (0ms)
			ExecutionOrderSort2 (0ms)
			AwakeInstancesAfterBackupRestoration (7ms)
Platform modules already initialized, skipping
Refreshing native plugins compatible for Editor in 2.40 ms, found 4 plugins.
Preloading 0 native plugins for Editor in 0.00 ms.
Unloading 4066 Unused Serialized files (Serialized files now loaded: 0)
Unloading 31 unused Assets / (195.7 KB). Loaded Objects now: 4524.
Memory consumption went from 151.4 MB to 151.2 MB.
Total: 4.040200 ms (FindLiveObjects: 0.441100 ms CreateObjectMapping: 0.148100 ms MarkObjects: 3.298400 ms  DeleteObjects: 0.151700 ms)

AssetImportParameters requested are different than current active one (requested -> active):
  custom:video-decoder-ogg-theora: a1e56fd34408186e4bbccfd4996cb3dc -> 
  custom:container-muxer-webm: aa71ff27fc2769a1b78a27578f13a17b -> 
  custom:container-demuxer-webm: 4f35f7cbe854078d1ac9338744f61a02 -> 
  custom:video-encoder-webm-vp8: eb34c28f22e8b96e1ab97ce403110664 -> 
  custom:audio-encoder-webm-vorbis: bf7c407c2cedff20999df2af8eb42d56 -> 
  custom:framework-win-MediaFoundation: 216162199b28c13a410421893ffa2e32 -> 
  custom:container-demuxer-ogg: 62fdf1f143b41e24485cea50d1cbac27 -> 
  custom:video-decoder-webm-vp8: 9c59270c3fd7afecdb556c50c9e8de78 -> 
  custom:audio-decoder-ogg-vorbis: bf7c407c2cedff20999df2af8eb42d56 -> 
========================================================================
Received Import Request.
  Time since last request: 232724.441505 seconds.
  path: Assets/Scripts/Art/Overworld_1.asset
  artifactKey: Guid(b2836942b8526234f9902466aacec53e) Importer(815301076,1909f56bfc062723c751e8b465ee728b)
Start importing Assets/Scripts/Art/Overworld_1.asset using Guid(b2836942b8526234f9902466aacec53e) Importer(815301076,1909f56bfc062723c751e8b465ee728b)  -> (artifact id: '2b4aee5163e6fb6620d24dfad9562631') in 0.146626 seconds 
========================================================================
Received Import Request.
  Time since last request: 0.000157 seconds.
  path: Assets/Scripts/Art/Overworld_31.asset
  artifactKey: Guid(7159c23fd6bc6474982a6c26541daae3) Importer(815301076,1909f56bfc062723c751e8b465ee728b)
Start importing Assets/Scripts/Art/Overworld_31.asset using Guid(7159c23fd6bc6474982a6c26541daae3) Importer(815301076,1909f56bfc062723c751e8b465ee728b)  -> (artifact id: '95e18f138242858b0fb719598a2ccef4') in 0.027227 seconds 
========================================================================
Received Import Request.
  Time since last request: 0.000061 seconds.
  path: Assets/Scripts/Art/Overworld_19.asset
  artifactKey: Guid(9a13a0bc78a33b948a5966ce1188dcea) Importer(815301076,1909f56bfc062723c751e8b465ee728b)
Start importing Assets/Scripts/Art/Overworld_19.asset using Guid(9a13a0bc78a33b948a5966ce1188dcea) Importer(815301076,1909f56bfc062723c751e8b465ee728b)  -> (artifact id: 'eb849ad958486a4cd3ef63fea8a4fe88') in 0.024270 seconds 
========================================================================
Received Import Request.
  Time since last request: 0.000063 seconds.
  path: Assets/Scripts/Art/Overworld_14.asset
  artifactKey: Guid(4111598e2b1531e41bcb56ea05f3ff69) Importer(815301076,1909f56bfc062723c751e8b465ee728b)
Start importing Assets/Scripts/Art/Overworld_14.asset using Guid(4111598e2b1531e41bcb56ea05f3ff69) Importer(815301076,1909f56bfc062723c751e8b465ee728b)  -> (artifact id: '6011c17c1dc4879702e22483b08e1ee3') in 0.019894 seconds 
========================================================================
Received Import Request.
  Time since last request: 0.000081 seconds.
  path: Assets/Scripts/Art/Overworld_28.asset
  artifactKey: Guid(fc9dd3efc0c5fe44c811acc570f20cfe) Importer(815301076,1909f56bfc062723c751e8b465ee728b)
Start importing Assets/Scripts/Art/Overworld_28.asset using Guid(fc9dd3efc0c5fe44c811acc570f20cfe) Importer(815301076,1909f56bfc062723c751e8b465ee728b)  -> (artifact id: 'a11aa327e64c180afc854ce23b9171d3') in 0.028490 seconds 
========================================================================
Received Import Request.
  Time since last request: 0.000509 seconds.
  path: Assets/Scripts/Art/Overworld_20.asset
  artifactKey: Guid(ef6bf364640a83c4fbb2da0a34cc4120) Importer(815301076,1909f56bfc062723c751e8b465ee728b)
Start importing Assets/Scripts/Art/Overworld_20.asset using Guid(ef6bf364640a83c4fbb2da0a34cc4120) Importer(815301076,1909f56bfc062723c751e8b465ee728b)  -> (artifact id: '123fa8adc0fb3add5ab7fa0fad32105d') in 0.034335 seconds 
========================================================================
Received Import Request.
  Time since last request: 0.000048 seconds.
  path: Assets/Scripts/Art/Overworld_42.asset
  artifactKey: Guid(de68c4e09f3c06843b76b62a840e88f5) Importer(815301076,1909f56bfc062723c751e8b465ee728b)
Start importing Assets/Scripts/Art/Overworld_42.asset using Guid(de68c4e09f3c06843b76b62a840e88f5) Importer(815301076,1909f56bfc062723c751e8b465ee728b)  -> (artifact id: '48eb9b81680f516bc9efa594a7f9ab8d') in 0.019019 seconds 
========================================================================
Received Import Request.
  Time since last request: 0.000032 seconds.
  path: Assets/Scripts/Art/Overworld_25.asset
  artifactKey: Guid(bdc8fc651cdd4a74ba6cf184e064ac4c) Importer(815301076,1909f56bfc062723c751e8b465ee728b)
Start importing Assets/Scripts/Art/Overworld_25.asset using Guid(bdc8fc651cdd4a74ba6cf184e064ac4c) Importer(815301076,1909f56bfc062723c751e8b465ee728b)  -> (artifact id: '824abe5b1fbab3e9eda06079d19cedf3') in 0.020304 seconds 
========================================================================
Received Import Request.
  Time since last request: 0.000036 seconds.
  path: Assets/Scripts/Art/Overworld_21.asset
  artifactKey: Guid(a5df49e828d490040bcbe0078b5c3dbc) Importer(815301076,1909f56bfc062723c751e8b465ee728b)
Start importing Assets/Scripts/Art/Overworld_21.asset using Guid(a5df49e828d490040bcbe0078b5c3dbc) Importer(815301076,1909f56bfc062723c751e8b465ee728b)  -> (artifact id: '5778e877e88352b183d4ec9b0d78be03') in 0.020421 seconds 
========================================================================
Received Import Request.
  Time since last request: 0.000052 seconds.
  path: Assets/Scripts/Art/Overworld_35.asset
  artifactKey: Guid(32c86c0ea7f58bd46af8dc4bb64e1554) Importer(815301076,1909f56bfc062723c751e8b465ee728b)
Start importing Assets/Scripts/Art/Overworld_35.asset using Guid(32c86c0ea7f58bd46af8dc4bb64e1554) Importer(815301076,1909f56bfc062723c751e8b465ee728b)  -> (artifact id: '91d0f657d37c403edfe1c4aa9ce6fbc7') in 0.022464 seconds 
========================================================================
Received Import Request.
  Time since last request: 0.000047 seconds.
  path: Assets/Scripts/Art/Overworld_23.asset
  artifactKey: Guid(38b45df8f523674429db567b4f5fe99e) Importer(815301076,1909f56bfc062723c751e8b465ee728b)
Start importing Assets/Scripts/Art/Overworld_23.asset using Guid(38b45df8f523674429db567b4f5fe99e) Importer(815301076,1909f56bfc062723c751e8b465ee728b)  -> (artifact id: '5fd4d1b06e3883a9bae7b7329eecd96d') in 0.021827 seconds 
========================================================================
Received Import Request.
  Time since last request: 0.000046 seconds.
  path: Assets/Scripts/Art/Overworld_16.asset
  artifactKey: Guid(7284e4c009f1873449683492a4cd4387) Importer(815301076,1909f56bfc062723c751e8b465ee728b)
Start importing Assets/Scripts/Art/Overworld_16.asset using Guid(7284e4c009f1873449683492a4cd4387) Importer(815301076,1909f56bfc062723c751e8b465ee728b)  -> (artifact id: 'e36f9adbd8bfa9c67107dbd1aaa0b315') in 0.021129 seconds 
========================================================================
Received Import Request.
  Time since last request: 0.000060 seconds.
  path: Assets/Scripts/Art/Overworld_39.asset
  artifactKey: Guid(5f93ab1b9ab70b247b3e6183baaf5d50) Importer(815301076,1909f56bfc062723c751e8b465ee728b)
Start importing Assets/Scripts/Art/Overworld_39.asset using Guid(5f93ab1b9ab70b247b3e6183baaf5d50) Importer(815301076,1909f56bfc062723c751e8b465ee728b)  -> (artifact id: 'ded98a91e4dcb4407fac8756b7697272') in 0.021103 seconds 
========================================================================
Received Import Request.
  Time since last request: 0.000067 seconds.
  path: Assets/Scripts/Art/Overworld_15.asset
  artifactKey: Guid(d374dfd790fa0304faa80b5ffe9bcf1f) Importer(815301076,1909f56bfc062723c751e8b465ee728b)
Start importing Assets/Scripts/Art/Overworld_15.asset using Guid(d374dfd790fa0304faa80b5ffe9bcf1f) Importer(815301076,1909f56bfc062723c751e8b465ee728b)  -> (artifact id: '8f483c4228590bbb23ba8de7e390d18c') in 0.022645 seconds 
========================================================================
Received Import Request.
  Time since last request: 0.000066 seconds.
  path: Assets/Scripts/Art/Overworld_13.asset
  artifactKey: Guid(7e184237c0aa90e40b9ae6f0beae5488) Importer(815301076,1909f56bfc062723c751e8b465ee728b)
Start importing Assets/Scripts/Art/Overworld_13.asset using Guid(7e184237c0aa90e40b9ae6f0beae5488) Importer(815301076,1909f56bfc062723c751e8b465ee728b)  -> (artifact id: '3b03ad3f0a6ece101d95966aaf97e56d') in 0.021383 seconds 
========================================================================
Received Import Request.
  Time since last request: 0.000044 seconds.
  path: Assets/Scripts/Art/Overworld_4.asset
  artifactKey: Guid(1e40a3271baec89429859445870ea924) Importer(815301076,1909f56bfc062723c751e8b465ee728b)
Start importing Assets/Scripts/Art/Overworld_4.asset using Guid(1e40a3271baec89429859445870ea924) Importer(815301076,1909f56bfc062723c751e8b465ee728b)  -> (artifact id: 'e089fedf36dd44f56fab73834f80c78e') in 0.023370 seconds 
========================================================================
Received Import Request.
  Time since last request: 0.000064 seconds.
  path: Assets/Scripts/Art/Overworld_3.asset
  artifactKey: Guid(b643f2489839ac14dbb7f064688754e0) Importer(815301076,1909f56bfc062723c751e8b465ee728b)
Start importing Assets/Scripts/Art/Overworld_3.asset using Guid(b643f2489839ac14dbb7f064688754e0) Importer(815301076,1909f56bfc062723c751e8b465ee728b)  -> (artifact id: '2eca3870d286b72074516dc3459e088d') in 0.022968 seconds 
========================================================================
Received Import Request.
  Time since last request: 0.000061 seconds.
  path: Assets/Scripts/Art/Overworld_29.asset
  artifactKey: Guid(41796d8695accc14a8f715624a291fb5) Importer(815301076,1909f56bfc062723c751e8b465ee728b)
Start importing Assets/Scripts/Art/Overworld_29.asset using Guid(41796d8695accc14a8f715624a291fb5) Importer(815301076,1909f56bfc062723c751e8b465ee728b)  -> (artifact id: 'c49b36c6ed6defbabf2bcce2968e2dae') in 0.024459 seconds 
========================================================================
Received Import Request.
  Time since last request: 0.000032 seconds.
  path: Assets/Scripts/Art/Overworld_11.asset
  artifactKey: Guid(06a0936e0758d274da72774107374230) Importer(815301076,1909f56bfc062723c751e8b465ee728b)
Start importing Assets/Scripts/Art/Overworld_11.asset using Guid(06a0936e0758d274da72774107374230) Importer(815301076,1909f56bfc062723c751e8b465ee728b)  -> (artifact id: '5b4250823e1645a273549fd29a854db0') in 0.022701 seconds 
========================================================================
Received Import Request.
  Time since last request: 0.000039 seconds.
  path: Assets/Scripts/Art/Overworld_40.asset
  artifactKey: Guid(ddfac99f5caa3384fad90fdd67d08b19) Importer(815301076,1909f56bfc062723c751e8b465ee728b)
Start importing Assets/Scripts/Art/Overworld_40.asset using Guid(ddfac99f5caa3384fad90fdd67d08b19) Importer(815301076,1909f56bfc062723c751e8b465ee728b)  -> (artifact id: 'ac7d35cea8d65cedf061a1dd06915510') in 0.020130 seconds 
========================================================================
Received Import Request.
  Time since last request: 0.000118 seconds.
  path: Assets/Scripts/Art/Overworld_47.asset
  artifactKey: Guid(ed748250837d26a4aba07a5114232558) Importer(815301076,1909f56bfc062723c751e8b465ee728b)
Start importing Assets/Scripts/Art/Overworld_47.asset using Guid(ed748250837d26a4aba07a5114232558) Importer(815301076,1909f56bfc062723c751e8b465ee728b)  -> (artifact id: 'a6cd8a765a4b061a63f7eea2900510d4') in 0.022076 seconds 
========================================================================
Received Import Request.
  Time since last request: 0.000033 seconds.
  path: Assets/Scripts/Art/Overworld_2.asset
  artifactKey: Guid(968869b164d5b1448a8f24099e033134) Importer(815301076,1909f56bfc062723c751e8b465ee728b)
Start importing Assets/Scripts/Art/Overworld_2.asset using Guid(968869b164d5b1448a8f24099e033134) Importer(815301076,1909f56bfc062723c751e8b465ee728b)  -> (artifact id: '12122e37353af59325fddf1608131225') in 0.023158 seconds 
========================================================================
Received Import Request.
  Time since last request: 0.000039 seconds.
  path: Assets/Scripts/Art/Overworld_46.asset
  artifactKey: Guid(aa28854edb4ebac4fab2acc41d5ec113) Importer(815301076,1909f56bfc062723c751e8b465ee728b)
Start importing Assets/Scripts/Art/Overworld_46.asset using Guid(aa28854edb4ebac4fab2acc41d5ec113) Importer(815301076,1909f56bfc062723c751e8b465ee728b)  -> (artifact id: '273cbf11a6bed5fac83812a6bde1568e') in 0.019780 seconds 
Editor requested this worker to shutdown with reason: Scaling down because of idle timeout
AssetImportWorker is now disconnected from the server
Process exiting
Exiting without the bug reporter. Application will terminate with return code 0